<?xml version="1.0" encoding="UTF-8"?>
<!-- Generated by org.testng.reporters.JUnitReportReporter -->
<testsuite hostname="PC" failures="0" tests="1" name="cucumber.TestNGTestRunner" time="9.376" errors="0" timestamp="2022-10-21T18:56:44 EDT" skipped="0">
  <testcase classname="cucumber.TestNGTestRunner" name="runScenario" time="9.376"/>
  <system-out/>
</testsuite> <!-- cucumber.TestNGTestRunner -->
