<?xml version="1.0" encoding="UTF-8"?>
<!-- Generated by org.testng.reporters.JUnitReportReporter -->
<testsuite hostname="PC" failures="0" tests="3" name="rahulshettyacademy.SeleniumFrameworkDesign.SubmitOrderTest2" time="48.719" errors="0" timestamp="2022-10-20T19:38:51 EDT" skipped="0">
  <testcase classname="rahulshettyacademy.SeleniumFrameworkDesign.SubmitOrderTest2" name="submitOrder" time="22.450"/>
  <system-out/>
  <testcase classname="rahulshettyacademy.SeleniumFrameworkDesign.SubmitOrderTest2" name="submitOrder" time="16.648"/>
  <system-out/>
  <testcase classname="rahulshettyacademy.SeleniumFrameworkDesign.SubmitOrderTest2" name="OrderHistoryTest" time="9.621"/>
  <system-out/>
</testsuite> <!-- rahulshettyacademy.SeleniumFrameworkDesign.SubmitOrderTest2 -->
