<?xml version="1.0" encoding="UTF-8"?>
<!-- Generated by org.testng.reporters.JUnitReportReporter -->
<testsuite hostname="PC" failures="0" tests="1" name="cucumber.TestNGTestRunner" time="17.742" errors="0" timestamp="2022-10-21T19:31:25 EDT" skipped="0">
  <testcase classname="cucumber.TestNGTestRunner" name="runScenario" time="17.742"/>
  <system-out/>
</testsuite> <!-- cucumber.TestNGTestRunner -->
